<?xml version="1.0" encoding="UTF-8"?>
<testsuite xmlns:xsi="http://www.w3.org/2001/XMLSchema-instance" xsi:noNamespaceSchemaLocation="https://maven.apache.org/surefire/maven-surefire-plugin/xsd/surefire-test-report-3.0.xsd" version="3.0" name="com.test.datamanagement.ApplicationTests" time="5.503" tests="1" errors="0" skipped="0" failures="0">
  <properties>
[...]
</properties>
  <testcase name="contextLoads" classname="com.test.datamanagement.ApplicationTests" time="0.962">
    <system-out><![CDATA[10:47:59.462 [main] INFO org.springframework.test.context.support.AnnotationConfigContextLoaderUtils -- Could not detect default configuration classes for test class [com.test.datamanagement.ApplicationTests]: ApplicationTests does not declare any static, non-private, non-final, nested classes annotated with @Configuration.
10:47:59.568 [main] INFO org.springframework.boot.test.context.SpringBootTestContextBootstrapper -- Found @SpringBootConfiguration com.test.datamanagement.Application for test class com.test.datamanagement.ApplicationTests

  .   ____          _            __ _ _
 /\\ / ___'_ __ _ _(_)_ __  __ _ \ \ \ \
( ( )\___ | '_ | '_| | '_ \/ _` | \ \ \ \
 \\/  ___)| |_)| | | | | || (_| |  ) ) ) )
  '  |____| .__|_| |_|_| |_\__, | / / / /
 =========|_|==============|___/=/_/_/_/
 :: Spring Boot ::                (v3.1.4)

2024-04-15T10:48:00.132-07:00  INFO 59857 --- [           main] c.test.datamanagement.ApplicationTests   : Starting ApplicationTests using Java 21 with PID 59857 (started by meredith in /Users/meredith/Desktop/ycsb-nosql-backend)
2024-04-15T10:48:00.137-07:00  INFO 59857 --- [           main] c.test.datamanagement.ApplicationTests   : No active profile set, falling back to 1 default profile: "default"
2024-04-15T10:48:01.148-07:00  INFO 59857 --- [           main] .s.d.r.c.RepositoryConfigurationDelegate : Multiple Spring Data modules found, entering strict repository configuration mode
2024-04-15T10:48:01.150-07:00  INFO 59857 --- [           main] .s.d.r.c.RepositoryConfigurationDelegate : Bootstrapping Spring Data MongoDB repositories in DEFAULT mode.
2024-04-15T10:48:01.233-07:00  INFO 59857 --- [           main] .s.d.r.c.RepositoryConfigurationDelegate : Finished Spring Data repository scanning in 80 ms. Found 3 MongoDB repository interfaces.
2024-04-15T10:48:01.838-07:00  INFO 59857 --- [           main] org.mongodb.driver.client                : MongoClient with metadata {"driver": {"name": "mongo-java-driver|sync|spring-boot", "version": "4.9.1"}, "os": {"type": "Darwin", "name": "Mac OS X", "architecture": "x86_64", "version": "14.1"}, "platform": "Java/Homebrew/21"} created with settings MongoClientSettings{readPreference=primary, writeConcern=WriteConcern{w=null, wTimeout=null ms, journal=null}, retryWrites=true, retryReads=true, readConcern=ReadConcern{level=null}, credential=MongoCredential{mechanism=null, userName='meredith', source='admin', password=<hidden>, mechanismProperties=<hidden>}, streamFactoryFactory=null, commandListeners=[], codecRegistry=ProvidersCodecRegistry{codecProviders=[ValueCodecProvider{}, BsonValueCodecProvider{}, DBRefCodecProvider{}, DBObjectCodecProvider{}, DocumentCodecProvider{}, CollectionCodecProvider{}, IterableCodecProvider{}, MapCodecProvider{}, GeoJsonCodecProvider{}, GridFSFileCodecProvider{}, Jsr310CodecProvider{}, JsonObjectCodecProvider{}, BsonCodecProvider{}, EnumCodecProvider{}, com.mongodb.client.model.mql.ExpressionCodecProvider@64920dc2, com.mongodb.Jep395RecordCodecProvider@59a79443]}, loggerSettings=LoggerSettings{maxDocumentLength=1000}, clusterSettings={hosts=[127.0.0.1:27017], srvHost=ycsb.qg8fzut.mongodb.net, srvServiceName=mongodb, mode=MULTIPLE, requiredClusterType=REPLICA_SET, requiredReplicaSetName='atlas-rq5z4a-shard-0', serverSelector='null', clusterListeners='[]', serverSelectionTimeout='30000 ms', localThreshold='30000 ms'}, socketSettings=SocketSettings{connectTimeoutMS=10000, readTimeoutMS=0, receiveBufferSize=0, sendBufferSize=0}, heartbeatSocketSettings=SocketSettings{connectTimeoutMS=10000, readTimeoutMS=10000, receiveBufferSize=0, sendBufferSize=0}, connectionPoolSettings=ConnectionPoolSettings{maxSize=100, minSize=0, maxWaitTimeMS=120000, maxConnectionLifeTimeMS=0, maxConnectionIdleTimeMS=0, maintenanceInitialDelayMS=0, maintenanceFrequencyMS=60000, connectionPoolListeners=[], maxConnecting=2}, serverSettings=ServerSettings{heartbeatFrequencyMS=10000, minHeartbeatFrequencyMS=500, serverListeners='[]', serverMonitorListeners='[]'}, sslSettings=SslSettings{enabled=true, invalidHostNameAllowed=false, context=null}, applicationName='null', compressorList=[], uuidRepresentation=JAVA_LEGACY, serverApi=null, autoEncryptionSettings=null, contextProvider=null}
2024-04-15T10:48:01.875-07:00  INFO 59857 --- [zut.mongodb.net] org.mongodb.driver.cluster               : Adding discovered server ac-ekgymdi-shard-00-02.qg8fzut.mongodb.net:27017 to client view of cluster
2024-04-15T10:48:01.910-07:00  INFO 59857 --- [zut.mongodb.net] org.mongodb.driver.cluster               : Adding discovered server ac-ekgymdi-shard-00-01.qg8fzut.mongodb.net:27017 to client view of cluster
2024-04-15T10:48:01.914-07:00  INFO 59857 --- [zut.mongodb.net] org.mongodb.driver.cluster               : Adding discovered server ac-ekgymdi-shard-00-00.qg8fzut.mongodb.net:27017 to client view of cluster
2024-04-15T10:48:03.217-07:00  INFO 59857 --- [ngodb.net:27017] org.mongodb.driver.cluster               : Monitor thread successfully connected to server with description ServerDescription{address=ac-ekgymdi-shard-00-02.qg8fzut.mongodb.net:27017, type=REPLICA_SET_PRIMARY, state=CONNECTED, ok=true, minWireVersion=0, maxWireVersion=21, maxDocumentSize=16777216, logicalSessionTimeoutMinutes=30, roundTripTimeNanos=636653917, setName='atlas-rq5z4a-shard-0', canonicalAddress=ac-ekgymdi-shard-00-02.qg8fzut.mongodb.net:27017, hosts=[ac-ekgymdi-shard-00-00.qg8fzut.mongodb.net:27017, ac-ekgymdi-shard-00-01.qg8fzut.mongodb.net:27017, ac-ekgymdi-shard-00-02.qg8fzut.mongodb.net:27017], passives=[], arbiters=[], primary='ac-ekgymdi-shard-00-02.qg8fzut.mongodb.net:27017', tagSet=TagSet{[Tag{name='availabilityZone', value='usw2-az3'}, Tag{name='diskState', value='READY'}, Tag{name='nodeType', value='ELECTABLE'}, Tag{name='provider', value='AWS'}, Tag{name='region', value='US_WEST_2'}, Tag{name='workloadType', value='OPERATIONAL'}]}, electionId=7fffffff00000000000000e0, setVersion=8, topologyVersion=TopologyVersion{processId=661059a42fdae84e5b3705e0, counter=6}, lastWriteDate=Mon Apr 15 10:48:03 PDT 2024, lastUpdateTimeNanos=409080840969250}
2024-04-15T10:48:03.217-07:00  INFO 59857 --- [ngodb.net:27017] org.mongodb.driver.cluster               : Monitor thread successfully connected to server with description ServerDescription{address=ac-ekgymdi-shard-00-00.qg8fzut.mongodb.net:27017, type=REPLICA_SET_SECONDARY, state=CONNECTED, ok=true, minWireVersion=0, maxWireVersion=21, maxDocumentSize=16777216, logicalSessionTimeoutMinutes=30, roundTripTimeNanos=640275584, setName='atlas-rq5z4a-shard-0', canonicalAddress=ac-ekgymdi-shard-00-00.qg8fzut.mongodb.net:27017, hosts=[ac-ekgymdi-shard-00-00.qg8fzut.mongodb.net:27017, ac-ekgymdi-shard-00-01.qg8fzut.mongodb.net:27017, ac-ekgymdi-shard-00-02.qg8fzut.mongodb.net:27017], passives=[], arbiters=[], primary='ac-ekgymdi-shard-00-02.qg8fzut.mongodb.net:27017', tagSet=TagSet{[Tag{name='availabilityZone', value='usw2-az2'}, Tag{name='diskState', value='READY'}, Tag{name='nodeType', value='ELECTABLE'}, Tag{name='provider', value='AWS'}, Tag{name='region', value='US_WEST_2'}, Tag{name='workloadType', value='OPERATIONAL'}]}, electionId=null, setVersion=8, topologyVersion=TopologyVersion{processId=66105951084ccc3df2252116, counter=4}, lastWriteDate=Mon Apr 15 10:48:03 PDT 2024, lastUpdateTimeNanos=409080844714333}
2024-04-15T10:48:03.217-07:00  INFO 59857 --- [ngodb.net:27017] org.mongodb.driver.cluster               : Monitor thread successfully connected to server with description ServerDescription{address=ac-ekgymdi-shard-00-01.qg8fzut.mongodb.net:27017, type=REPLICA_SET_SECONDARY, state=CONNECTED, ok=true, minWireVersion=0, maxWireVersion=21, maxDocumentSize=16777216, logicalSessionTimeoutMinutes=30, roundTripTimeNanos=636317000, setName='atlas-rq5z4a-shard-0', canonicalAddress=ac-ekgymdi-shard-00-01.qg8fzut.mongodb.net:27017, hosts=[ac-ekgymdi-shard-00-00.qg8fzut.mongodb.net:27017, ac-ekgymdi-shard-00-01.qg8fzut.mongodb.net:27017, ac-ekgymdi-shard-00-02.qg8fzut.mongodb.net:27017], passives=[], arbiters=[], primary='ac-ekgymdi-shard-00-02.qg8fzut.mongodb.net:27017', tagSet=TagSet{[Tag{name='availabilityZone', value='usw2-az1'}, Tag{name='diskState', value='READY'}, Tag{name='nodeType', value='ELECTABLE'}, Tag{name='provider', value='AWS'}, Tag{name='region', value='US_WEST_2'}, Tag{name='workloadType', value='OPERATIONAL'}]}, electionId=null, setVersion=8, topologyVersion=TopologyVersion{processId=661059f7fbb7f4325f6e8012, counter=3}, lastWriteDate=Mon Apr 15 10:48:03 PDT 2024, lastUpdateTimeNanos=409080840636750}
2024-04-15T10:48:03.224-07:00  INFO 59857 --- [ngodb.net:27017] org.mongodb.driver.cluster               : Discovered replica set primary ac-ekgymdi-shard-00-02.qg8fzut.mongodb.net:27017 with max election id 7fffffff00000000000000e0 and max set version 8
2024-04-15T10:48:03.740-07:00  INFO 59857 --- [           main] c.test.datamanagement.ApplicationTests   : Started ApplicationTests in 4.031 seconds (process running for 5.22)
]]></system-out>
    <system-err><![CDATA[WARNING: A Java agent has been loaded dynamically (/Users/meredith/.m2/repository/net/bytebuddy/byte-buddy-agent/1.14.8/byte-buddy-agent-1.14.8.jar)
WARNING: If a serviceability tool is in use, please run with -XX:+EnableDynamicAgentLoading to hide this warning
WARNING: If a serviceability tool is not in use, please run with -Djdk.instrument.traceUsage for more information
WARNING: Dynamic loading of agents will be disallowed by default in a future release
]]></system-err>
  </testcase>
</testsuite>